0 info it worked if it ends with ok
1 verbose cli [ '/usr/bin/node', '/usr/bin/npm', 'publish', '--dry-run' ]
2 info using npm@3.5.2
3 info using node@v8.10.0
4 verbose publish [ '.' ]
5 silly cache add args [ '.', null ]
6 verbose cache add spec .
7 silly cache add parsed spec Result {
7 silly cache add   raw: '.',
7 silly cache add   scope: null,
7 silly cache add   name: null,
7 silly cache add   rawSpec: '.',
7 silly cache add   spec: '/home/user/prog/hexlet/js-frontend-project-lvl1',
7 silly cache add   type: 'directory' }
8 verbose addLocalDirectory /home/user/.npm/kilych-brain-games/0.0.1/package.tgz not in flight; packing
9 info lifecycle kilych-brain-games@0.0.1~prepublish: kilych-brain-games@0.0.1
10 silly lifecycle kilych-brain-games@0.0.1~prepublish: no script for prepublish, continuing
11 verbose tar pack [ '/home/user/.npm/kilych-brain-games/0.0.1/package.tgz',
11 verbose tar pack   '/home/user/prog/hexlet/js-frontend-project-lvl1' ]
12 verbose tarball /home/user/.npm/kilych-brain-games/0.0.1/package.tgz
13 verbose folder /home/user/prog/hexlet/js-frontend-project-lvl1
14 verbose addLocalTarball adding from inside cache /home/user/.npm/kilych-brain-games/0.0.1/package.tgz
15 silly cache afterAdd kilych-brain-games@0.0.1
16 verbose afterAdd /home/user/.npm/kilych-brain-games/0.0.1/package/package.json not in flight; writing
17 verbose afterAdd /home/user/.npm/kilych-brain-games/0.0.1/package/package.json written
18 silly publish { name: 'kilych-brain-games',
18 silly publish   version: '0.0.1',
18 silly publish   description: 'Hexlet pet project: console brain games',
18 silly publish   type: 'module',
18 silly publish   main: 'src/index.js',
18 silly publish   bin: { 'brain-games': 'bin/brain-games.js' },
18 silly publish   scripts: { test: 'jest --colors' },
18 silly publish   repository:
18 silly publish    { type: 'git',
18 silly publish      url: 'git+https://github.com/kilych/frontend-project-lvl1.git' },
18 silly publish   keywords: [ 'hexlet', 'cli' ],
18 silly publish   author: { name: 'kilych', url: 'https://github.com/kilych' },
18 silly publish   license: 'ISC',
18 silly publish   bugs:
18 silly publish    { url: 'https://github.com/kilych/frontend-project-lvl1/issues' },
18 silly publish   homepage: 'https://github.com/kilych/frontend-project-lvl1#readme',
18 silly publish   dependencies: {},
18 silly publish   devDependencies: {},
18 silly publish   gitHead: '3dbeaf2724a9ea73ca854ad031cd256f0235a2d3',
18 silly publish   readme: 'ERROR: No README data found!',
18 silly publish   _id: 'kilych-brain-games@0.0.1',
18 silly publish   _shasum: '66f7385aefc33dba74976857d6e019e07ba2e87f',
18 silly publish   _from: '.' }
19 verbose getPublishConfig undefined
20 silly mapToRegistry name kilych-brain-games
21 silly mapToRegistry using default registry
22 silly mapToRegistry registry https://registry.npmjs.org/
23 silly mapToRegistry uri https://registry.npmjs.org/kilych-brain-games
24 verbose publish registryBase https://registry.npmjs.org/
25 silly publish uploading /home/user/.npm/kilych-brain-games/0.0.1/package.tgz
26 verbose stack Error: auth required for publishing
26 verbose stack     at CachingRegistryClient.publish (/usr/share/npm/node_modules/npm-registry-client/lib/publish.js:30:14)
26 verbose stack     at /usr/share/npm/lib/publish.js:137:14
26 verbose stack     at mapToRegistry (/usr/share/npm/lib/utils/map-to-registry.js:55:3)
26 verbose stack     at publish_ (/usr/share/npm/lib/publish.js:106:3)
26 verbose stack     at Array.<anonymous> (/usr/share/npm/node_modules/slide/lib/bind-actor.js:15:8)
26 verbose stack     at LOOP (/usr/share/npm/node_modules/slide/lib/chain.js:15:14)
26 verbose stack     at LOOP (/usr/share/npm/node_modules/slide/lib/chain.js:14:28)
26 verbose stack     at chain (/usr/share/npm/node_modules/slide/lib/chain.js:20:5)
26 verbose stack     at /usr/share/npm/lib/publish.js:72:5
26 verbose stack     at RES (/usr/share/npm/node_modules/inflight/inflight.js:23:14)
27 verbose cwd /home/user/prog/hexlet/js-frontend-project-lvl1
28 error Linux 4.15.0-20-generic
29 error argv "/usr/bin/node" "/usr/bin/npm" "publish" "--dry-run"
30 error node v8.10.0
31 error npm  v3.5.2
32 error code ENEEDAUTH
33 error need auth auth required for publishing
34 error need auth You need to authorize this machine using `npm adduser`
35 verbose exit [ 1, true ]
